Using pre-set license
Built from '2020.3/staging' branch; Version is '2020.3.0f1 (c7b5465681fb) revision 13088070'; Using compiler version '192528614'; Build Type 'Release'
OS: 'Windows 10 Pro; OS build 19041.1052; Version 2004; 64bit' Language: 'ru' Physical Memory: 12245 MB
BatchMode: 1, IsHumanControllingUs: 0, StartBugReporterOnCrash: 0, Is64bit: 1, IsPro: 0

 COMMAND LINE ARGUMENTS:
C:\Program Files\Unity\Hub\Editor\2020.3.0f1\Editor\Unity.exe
-adb2
-batchMode
-noUpm
-name
AssetImportWorker0
-projectPath
D:/unity/TestVR
-logFile
Logs/AssetImportWorker0.log
-srvPort
61046
Successfully changed project path to: D:/unity/TestVR
D:/unity/TestVR
Using Asset Import Pipeline V2.
Refreshing native plugins compatible for Editor in 60.90 ms, found 3 plugins.
Preloading 0 native plugins for Editor in 0.00 ms.
Initialize engine version: 2020.3.0f1 (c7b5465681fb)
[Subsystems] Discovering subsystems at path C:/Program Files/Unity/Hub/Editor/2020.3.0f1/Editor/Data/Resources/UnitySubsystems
[Subsystems] Discovering subsystems at path D:/unity/TestVR/Assets
GfxDevice: creating device client; threaded=0
Direct3D:
    Version:  Direct3D 11.0 [level 11.1]
    Renderer: AMD Radeon R9 200 Series (ID=0x6798)
    Vendor:   
    VRAM:     3051 MB
    Driver:   27.20.21003.8013
Initialize mono
Mono path[0] = 'C:/Program Files/Unity/Hub/Editor/2020.3.0f1/Editor/Data/Managed'
Mono path[1] = 'C:/Program Files/Unity/Hub/Editor/2020.3.0f1/Editor/Data/MonoBleedingEdge/lib/mono/unityjit'
Mono config path = 'C:/Program Files/Unity/Hub/Editor/2020.3.0f1/Editor/Data/MonoBleedingEdge/etc'
Using monoOptions --debugger-agent=transport=dt_socket,embedding=1,server=y,suspend=n,address=127.0.0.1:56972
Begin MonoManager ReloadAssembly
Registering precompiled unity dll's ...
Register platform support module: C:/Program Files/Unity/Hub/Editor/2020.3.0f1/Editor/Data/PlaybackEngines/WindowsStandaloneSupport/UnityEditor.WindowsStandalone.Extensions.dll
Registered in 0.004540 seconds.
Native extension for WindowsStandalone target not found
Refreshing native plugins compatible for Editor in 57.06 ms, found 3 plugins.
Preloading 0 native plugins for Editor in 0.00 ms.
Invoked RoslynAnalysisRunner static constructor.
RoslynAnalysisRunner will not be running.
RoslynAnalysisRunner has terminated.
Mono: successfully reloaded assembly
- Completed reload, in  4.116 seconds
Platform modules already initialized, skipping
Registering precompiled user dll's ...
Registered in 0.002787 seconds.
Begin MonoManager ReloadAssembly
Native extension for WindowsStandalone target not found
Refreshing native plugins compatible for Editor in 0.69 ms, found 3 plugins.
Preloading 0 native plugins for Editor in 0.00 ms.
Invoked RoslynAnalysisRunner static constructor.
RoslynAnalysisRunner will not be running.
RoslynAnalysisRunner has terminated.
Mono: successfully reloaded assembly
- Completed reload, in  1.682 seconds
Platform modules already initialized, skipping
========================================================================
Worker process is ready to serve import requests
Launched and connected shader compiler UnityShaderCompiler.exe after 0.07 seconds
Refreshing native plugins compatible for Editor in 0.63 ms, found 3 plugins.
Preloading 0 native plugins for Editor in 0.00 ms.
Unloading 1425 Unused Serialized files (Serialized files now loaded: 0)
System memory in use before: 70.0 MB.
System memory in use after: 70.1 MB.

Unloading 13 unused Assets to reduce memory usage. Loaded Objects now: 1867.
Total: 2.780500 ms (FindLiveObjects: 0.306900 ms CreateObjectMapping: 0.089200 ms MarkObjects: 2.249300 ms  DeleteObjects: 0.133700 ms)

========================================================================
Received Import Request.
  path: Assets/SteamVR/SteamVR.asmdef
  artifactKey: Guid(1fbf338ef6b952a448262a7ff7df5fe4) Importer(815301076,1909f56bfc062723c751e8b465ee728b)
Start importing Assets/SteamVR/SteamVR.asmdef using Guid(1fbf338ef6b952a448262a7ff7df5fe4) Importer(815301076,1909f56bfc062723c751e8b465ee728b)  -> (artifact id: '9f385aade97cf464d03317d214c0170d') in 0.040719 seconds
  Import took 0.044368 seconds .

========================================================================
Received Import Request.
  Time since last request: 22.766698 seconds.
  path: Assets/StreamingAssets/SteamVR
  artifactKey: Guid(a2255be75f1400b44b2f7b8f69970c71) Importer(815301076,1909f56bfc062723c751e8b465ee728b)
Start importing Assets/StreamingAssets/SteamVR using Guid(a2255be75f1400b44b2f7b8f69970c71) Importer(815301076,1909f56bfc062723c751e8b465ee728b)  -> (artifact id: '539437f9c72aea017815db63fdd23a6c') in 0.003316 seconds
  Import took 0.007909 seconds .

========================================================================
Received Import Request.
  Time since last request: 0.024639 seconds.
  path: Assets/StreamingAssets/SteamVR
  artifactKey: Guid(a2255be75f1400b44b2f7b8f69970c71) Importer(815301076,1909f56bfc062723c751e8b465ee728b)
Start importing Assets/StreamingAssets/SteamVR using Guid(a2255be75f1400b44b2f7b8f69970c71) Importer(815301076,1909f56bfc062723c751e8b465ee728b)  -> (artifact id: '539437f9c72aea017815db63fdd23a6c') in 0.004125 seconds
  Import took 0.009740 seconds .

========================================================================
Received Import Request.
  Time since last request: 1.782478 seconds.
  path: Assets/XR/XRGeneralSettings.asset
  artifactKey: Guid(4a261c58304e225409c44a00b44b2064) Importer(815301076,1909f56bfc062723c751e8b465ee728b)
Start importing Assets/XR/XRGeneralSettings.asset using Guid(4a261c58304e225409c44a00b44b2064) Importer(815301076,1909f56bfc062723c751e8b465ee728b)  -> (artifact id: '2752e46f47066bede40941878966ea02') in 0.042698 seconds
  Import took 0.046628 seconds .

========================================================================
Received Import Request.
  Time since last request: 3.151768 seconds.
  path: Assets/XR/Loaders/Open VR Loader.asset
  artifactKey: Guid(362ad9db42df4c54bae153976be24089) Importer(815301076,1909f56bfc062723c751e8b465ee728b)
Start importing Assets/XR/Loaders/Open VR Loader.asset using Guid(362ad9db42df4c54bae153976be24089) Importer(815301076,1909f56bfc062723c751e8b465ee728b)  -> (artifact id: '0da8327ecd090af743cc13b9db02007d') in 0.011156 seconds
  Import took 0.014667 seconds .

========================================================================
Received Import Request.
  Time since last request: 0.745530 seconds.
  path: Assets/XR/Settings/Open VR Settings.asset
  artifactKey: Guid(86f7b16c54836e140bef4c71547feaae) Importer(815301076,1909f56bfc062723c751e8b465ee728b)
Start importing Assets/XR/Settings/Open VR Settings.asset using Guid(86f7b16c54836e140bef4c71547feaae) Importer(815301076,1909f56bfc062723c751e8b465ee728b)  -> (artifact id: 'a18688c0e3431ca705429a3e2b02614e') in 0.329699 seconds
  Import took 0.333654 seconds .

========================================================================
Received Prepare
Registering precompiled user dll's ...
Registered in 0.002882 seconds.
Begin MonoManager ReloadAssembly
Native extension for WindowsStandalone target not found
Refreshing native plugins compatible for Editor in 0.69 ms, found 3 plugins.
Preloading 0 native plugins for Editor in 0.00 ms.
Invoked RoslynAnalysisRunner static constructor.
RoslynAnalysisRunner will not be running.
RoslynAnalysisRunner has terminated.
Mono: successfully reloaded assembly
- Completed reload, in  1.662 seconds
Platform modules already initialized, skipping
Refreshing native plugins compatible for Editor in 0.68 ms, found 3 plugins.
Preloading 0 native plugins for Editor in 0.00 ms.
Unloading 1400 Unused Serialized files (Serialized files now loaded: 0)
System memory in use before: 69.1 MB.
System memory in use after: 69.1 MB.

Unloading 8 unused Assets to reduce memory usage. Loaded Objects now: 1872.
Total: 3.306100 ms (FindLiveObjects: 0.313400 ms CreateObjectMapping: 0.087600 ms MarkObjects: 2.825200 ms  DeleteObjects: 0.078200 ms)

AssetImportWorkerClient::OnTransportError - code=2 error=End of file
